<?xml version="1.0" encoding="UTF-8"?>
<testsuite xmlns:xsi="http://www.w3.org/2001/XMLSchema-instance" xsi:noNamespaceSchemaLocation="https://maven.apache.org/surefire/maven-surefire-plugin/xsd/surefire-test-report-3.0.xsd" version="3.0" name="TestSuite" time="188.674" tests="4" errors="0" skipped="0" failures="0">
  <properties>
[...]
</properties>
  <testcase name="placebet" classname="com.commontests.PlaceSingleSoccerBetTest" time="4.945">
    <system-out><![CDATA[Soccer Betting | Football Betting Odds | Betika
Login successfully
13
The betslip Barcelona Vs Osasuna
OSASUNA MULTIGOALS • 1-2
Starts 27/03, 23:00
The total odds 1.67
The account balance 2.25
Amount is less in the account to place a bet
]]></system-out>
    <system-err><![CDATA[SLF4J(I): Connected with provider of type [org.slf4j.nop.NOPServiceProvider]
Mar 26, 2025 4:10:30 PM org.openqa.selenium.devtools.CdpVersionFinder findNearestMatch
WARNING: Unable to find CDP implementation matching 134
Mar 26, 2025 4:10:30 PM org.openqa.selenium.chromium.ChromiumDriver lambda$new$5
WARNING: Unable to find version of CDP to use for 134.0.6998.167. You may need to include a dependency on a specific version of the CDP using something similar to `org.seleniumhq.selenium:selenium-devtools-v86:4.20.0` where the version ("v86") matches the version of the chromium-based browser you're using and the version number of the artifact is the same as Selenium's.
Mar 26, 2025 4:10:35 PM org.openqa.selenium.devtools.CdpVersionFinder findNearestMatch
WARNING: Unable to find CDP implementation matching 134
Mar 26, 2025 4:10:35 PM org.openqa.selenium.chromium.ChromiumDriver lambda$new$5
WARNING: Unable to find version of CDP to use for 134.0.3124.83. You may need to include a dependency on a specific version of the CDP using something similar to `org.seleniumhq.selenium:selenium-devtools-v86:4.20.0` where the version ("v86") matches the version of the chromium-based browser you're using and the version number of the artifact is the same as Selenium's.
Mar 26, 2025 4:10:40 PM org.openqa.selenium.devtools.CdpVersionFinder findNearestMatch
WARNING: Unable to find CDP implementation matching 134
Mar 26, 2025 4:10:40 PM org.openqa.selenium.chromium.ChromiumDriver lambda$new$5
WARNING: Unable to find version of CDP to use for 134.0.6998.167. You may need to include a dependency on a specific version of the CDP using something similar to `org.seleniumhq.selenium:selenium-devtools-v86:4.20.0` where the version ("v86") matches the version of the chromium-based browser you're using and the version number of the artifact is the same as Selenium's.
Mar 26, 2025 4:10:43 PM org.openqa.selenium.devtools.CdpVersionFinder findNearestMatch
WARNING: Unable to find CDP implementation matching 134
Mar 26, 2025 4:10:43 PM org.openqa.selenium.chromium.ChromiumDriver lambda$new$5
WARNING: Unable to find version of CDP to use for 134.0.6998.167. You may need to include a dependency on a specific version of the CDP using something similar to `org.seleniumhq.selenium:selenium-devtools-v86:4.20.0` where the version ("v86") matches the version of the chromium-based browser you're using and the version number of the artifact is the same as Selenium's.
Mar 26, 2025 4:10:47 PM org.openqa.selenium.devtools.CdpVersionFinder findNearestMatch
WARNING: Unable to find CDP implementation matching 134
Mar 26, 2025 4:10:47 PM org.openqa.selenium.chromium.ChromiumDriver lambda$new$5
WARNING: Unable to find version of CDP to use for 134.0.6998.167. You may need to include a dependency on a specific version of the CDP using something similar to `org.seleniumhq.selenium:selenium-devtools-v86:4.20.0` where the version ("v86") matches the version of the chromium-based browser you're using and the version number of the artifact is the same as Selenium's.
Mar 26, 2025 4:10:54 PM org.openqa.selenium.devtools.CdpVersionFinder findNearestMatch
WARNING: Unable to find CDP implementation matching 134
Mar 26, 2025 4:10:54 PM org.openqa.selenium.chromium.ChromiumDriver lambda$new$5
WARNING: Unable to find version of CDP to use for 134.0.3124.83. You may need to include a dependency on a specific version of the CDP using something similar to `org.seleniumhq.selenium:selenium-devtools-v86:4.20.0` where the version ("v86") matches the version of the chromium-based browser you're using and the version number of the artifact is the same as Selenium's.
Mar 26, 2025 4:10:59 PM org.openqa.selenium.devtools.CdpVersionFinder findNearestMatch
WARNING: Unable to find CDP implementation matching 134
Mar 26, 2025 4:10:59 PM org.openqa.selenium.chromium.ChromiumDriver lambda$new$5
WARNING: Unable to find version of CDP to use for 134.0.3124.83. You may need to include a dependency on a specific version of the CDP using something similar to `org.seleniumhq.selenium:selenium-devtools-v86:4.20.0` where the version ("v86") matches the version of the chromium-based browser you're using and the version number of the artifact is the same as Selenium's.
]]></system-err>
  </testcase>
  <testcase name="PlaceTableTennisMatches" classname="com.commontests.TestTableTennisTest" time="9.665">
    <system-out><![CDATA[============================================
Kotyl, Krzysztof
Linek, Adam
2.00
1.72
============================================
Zochniak, Jakub
Poliniewicz, Grze...
3.10
1.32
============================================
Knazik, Ondrej
Brandtl Jr, Ales
1.49
2.44
============================================
Oracz, Michal
Schaniel Krzyszto...
1.62
2.15
============================================
Chodorski, Piotr
Sklensky, Mirosla...
1.57
2.27
============================================
Kosacky, Adam
Kotrbaty, Petr
2.20
1.60
============================================
Havrda, Cesta
Cernik, Jaromir
2.06
1.68
============================================
Smrcek, Milan
Kolar, Milan
1.73
2.00
============================================
Svedik, Miroslav
Barta, Tomas
1.42
2.65
============================================
Kotil, Miloslav
Lzicar, Oldrich
1.53
2.36
Bet placed on odd index: 1
Bet placed on odd index: 1
Bet placed on odd index: 1
Bet placed on odd index: 1
Bet placed on odd index: 0
Bet placed on odd index: 1
Bet placed on odd index: 1
Bet placed on odd index: 1
Bet placed on odd index: 1
Bet placed on odd index: 1
Number of matches. 15
Kosacky, Adam Vs. Kotrbaty, Petr
WINNER • Kotrbaty, Petr
Starts 26/03, 16:25
1.60
Zochniak, Jakub Vs. Poliniewicz, Grzegorz
WINNER • Poliniewicz, Grzegorz
Starts 26/03, 16:20
1.32
Chodorski, Piotr Vs. David, Petr
WINNER • David, Petr
Starts 26/03, 18:50
1.64
Chodorski, Piotr Vs. Sklensky, Miroslav
WINNER • Chodorski, Piotr
Starts 26/03, 16:25
1.57
Smrcek, Milan Vs. Kolar, Milan
WINNER • Kolar, Milan
Starts 26/03, 16:30
2.00
Knazik, Ondrej Vs. Brandtl Jr, Ales
WINNER • Brandtl Jr, Ales
Starts 26/03, 16:20
2.44
Kotil, Miloslav Vs. Lzicar, Oldrich
WINNER • Lzicar, Oldrich
Starts 26/03, 16:30
2.36
]]></system-out>
  </testcase>
  <testcase name="casinoTest" classname="com.commontests.TestCasinoGamesTest" time="5.562">
    <system-out><![CDATA[============================================
Aztec Gems
Extra Juicy
3 Pots of Egypt
Chilli Heat
Wild Spells
Burning Classics
Sun of Egypt 2 - Three oaks
888 Gold
Hit the Gold Hold and Win - Three oaks
Sun of Egypt - Three Oaks
3 African Drums
Buffalo Hold and Win Extreme 10,000
Aztec Gems Deluxe
Wild Wild Riches
5 Lions Megaways 2
Magic Apple - Three oaks
Aztec Gems Megaways
Fortune House
Roman Empire
Hot Safari
]]></system-out>
  </testcase>
  <testcase name="selectSingleRandomBet" classname="com.commontests.TestHandballGamesTest" time="21.607">
    <system-out><![CDATA[Upcoming matches button not found, proceeding with available matches.
Dinamo Bucuresti Vs Magdeburg
1ST HALF - TOTAL • Over 30.5
Starts 26/03, 20:45
]]></system-out>
  </testcase>
</testsuite>