<?xml version="1.0" encoding="UTF-8"?>
<testsuite xmlns:xsi="http://www.w3.org/2001/XMLSchema-instance" xsi:noNamespaceSchemaLocation="https://maven.apache.org/surefire/maven-surefire-plugin/xsd/surefire-test-report-3.0.xsd" version="3.0" name="TestSuite" time="360.345" tests="16" errors="0" skipped="6" failures="1">
  <properties>
[...]
</properties>
  <testcase name="placeSingleSoccerbet" classname="com.commontests.PlaceSingleSoccerBetTest" time="4.56">
    <system-out><![CDATA[Initializing WebDriver...
Initializing WebDriver...
Initializing WebDriver...
Initializing WebDriver...
Initializing WebDriver...
Initializing WebDriver...
Initializing WebDriver...
Initializing WebDriver...
Soccer Betting | Football Betting Odds | Betika
Login successfully
2
The betslip
 Desamparados Vs Inter San Carlos
DOUBLE CHANCE • Desamparados Or Inter San Carlos
Starts 13/05, 04:00
The total odds 1.21
The account balance 2.25
Amount is less in the account to place a bet
]]></system-out>
    <system-err><![CDATA[SLF4J(I): Connected with provider of type [org.slf4j.nop.NOPServiceProvider]
May 12, 2025 4:01:08 PM org.openqa.selenium.devtools.CdpVersionFinder findNearestMatch
WARNING: Unable to find CDP implementation matching 136
May 12, 2025 4:01:08 PM org.openqa.selenium.chromium.ChromiumDriver lambda$new$5
WARNING: Unable to find version of CDP to use for 136.0.7103.93. You may need to include a dependency on a specific version of the CDP using something similar to `org.seleniumhq.selenium:selenium-devtools-v86:4.20.0` where the version ("v86") matches the version of the chromium-based browser you're using and the version number of the artifact is the same as Selenium's.
May 12, 2025 4:01:22 PM org.openqa.selenium.devtools.CdpVersionFinder findNearestMatch
WARNING: Unable to find CDP implementation matching 136
May 12, 2025 4:01:22 PM org.openqa.selenium.chromium.ChromiumDriver lambda$new$5
WARNING: Unable to find version of CDP to use for 136.0.7103.93. You may need to include a dependency on a specific version of the CDP using something similar to `org.seleniumhq.selenium:selenium-devtools-v86:4.20.0` where the version ("v86") matches the version of the chromium-based browser you're using and the version number of the artifact is the same as Selenium's.
May 12, 2025 4:01:35 PM org.openqa.selenium.devtools.CdpVersionFinder findNearestMatch
WARNING: Unable to find CDP implementation matching 136
May 12, 2025 4:01:35 PM org.openqa.selenium.chromium.ChromiumDriver lambda$new$5
WARNING: Unable to find version of CDP to use for 136.0.7103.93. You may need to include a dependency on a specific version of the CDP using something similar to `org.seleniumhq.selenium:selenium-devtools-v86:4.20.0` where the version ("v86") matches the version of the chromium-based browser you're using and the version number of the artifact is the same as Selenium's.
May 12, 2025 4:02:16 PM org.openqa.selenium.devtools.CdpVersionFinder findNearestMatch
WARNING: Unable to find CDP implementation matching 136
May 12, 2025 4:02:16 PM org.openqa.selenium.chromium.ChromiumDriver lambda$new$5
WARNING: Unable to find version of CDP to use for 136.0.7103.93. You may need to include a dependency on a specific version of the CDP using something similar to `org.seleniumhq.selenium:selenium-devtools-v86:4.20.0` where the version ("v86") matches the version of the chromium-based browser you're using and the version number of the artifact is the same as Selenium's.
May 12, 2025 4:02:30 PM org.openqa.selenium.devtools.CdpVersionFinder findNearestMatch
WARNING: Unable to find CDP implementation matching 136
May 12, 2025 4:02:30 PM org.openqa.selenium.chromium.ChromiumDriver lambda$new$5
WARNING: Unable to find version of CDP to use for 136.0.7103.93. You may need to include a dependency on a specific version of the CDP using something similar to `org.seleniumhq.selenium:selenium-devtools-v86:4.20.0` where the version ("v86") matches the version of the chromium-based browser you're using and the version number of the artifact is the same as Selenium's.
May 12, 2025 4:03:02 PM org.openqa.selenium.devtools.CdpVersionFinder findNearestMatch
WARNING: Unable to find CDP implementation matching 136
May 12, 2025 4:03:02 PM org.openqa.selenium.chromium.ChromiumDriver lambda$new$5
WARNING: Unable to find version of CDP to use for 136.0.7103.93. You may need to include a dependency on a specific version of the CDP using something similar to `org.seleniumhq.selenium:selenium-devtools-v86:4.20.0` where the version ("v86") matches the version of the chromium-based browser you're using and the version number of the artifact is the same as Selenium's.
]]></system-err>
  </testcase>
  <testcase name="verifyMyBets" classname="com.commontests.PlaceSingleSoccerBetTest" time="5.549">
    <system-out><![CDATA[====================
#DE98ZC
KES441.75
10/04, 18:58
Lost
=======================
Bodoe/glimt
2:0
Lazio Rome
Type
1x2
FT Results
2:0
Pick
Lazio Rome (2.37)
Outcome
Bodoe/glimt
Tottenham
1:1
Eintracht Frankfurt
Type
Both Teams To Score
FT Results
1:1
Pick
Yes (1.59)
Outcome
Yes
Legia Warszawa
0:3
Chelsea
Type
1x2
FT Results
0:3
Pick
Chelsea (1.62)
Outcome
Chelsea
]]></system-out>
  </testcase>
  <testcase name="registerUser" classname="com.commontests.RegisterUserTest" time="2.294">
    <system-out><![CDATA[The password generated is IMqOWXbF
The phone number generated is 0706850014
]]></system-out>
  </testcase>
  <testcase name="TestSelectionOfMultipleSoccerGames" classname="com.commontests.SelectMultipleSoccerbetsTest" time="7.772">
    <system-out><![CDATA[============================================
Venezia Fc
Acf Fiorentina
3.05
3.15
2.55
============================================
Atalanta Bc
As Roma
2.23
3.50
3.30
============================================
Sheffield United
Bristol City
1.90
3.60
4.10
============================================
Aek Larnaca
Apollon Limassol
1.80
3.50
4.20
============================================
Naftan Novopolots...
Fc Torpedo Belaz ...
6.40
3.75
1.55
============================================
Dibba Al-Hisn
Al Wahda Fc (Uae)...
5.20
4.40
1.51
============================================
Aluminij Kidricev...
Nk Brinje Grosupl...
1.58
3.90
4.70
============================================
Jakobstads Bollkl...
Narpes Kraft
1.47
4.60
5.00
============================================
Telavi
Fc Dila Gori
5.20
3.50
1.64
============================================
Hapoel Petah Tikv...
Hapoel Rishon Lez...
1.41
4.40
6.20
Selected odd index: 0
Selected odd index: 2
Selected odd index: 1
Selected odd index: 2
Selected odd index: 0
Selected odd index: 0
Selected odd index: 2
Selected odd index: 2
Selected odd index: 2
Selected odd index: 2
Total matches selected: 10
Venezia Fc Vs. Acf Fiorentina
1X2 • Venezia FC
Starts 12/05, 19:30
3.05
Atalanta Bc Vs. As Roma
1X2 • AS Roma
Starts 12/05, 21:45
3.30
Sheffield United Vs. Bristol City
1X2 • Draw
Starts 12/05, 22:00
3.60
Aek Larnaca Vs. Apollon Limassol
1X2 • Apollon Limassol
Starts 12/05, 19:00
4.20
Naftan Novopolotsk Vs. Fc Torpedo Belaz Zhodino
1X2 • Naftan Novopolotsk
Starts 12/05, 18:00
6.40
Dibba Al-hisn Vs. Al Wahda Fc (Uae)
1X2 • Dibba Al-Hisn
Starts 12/05, 17:10
5.20
Aluminij Kidricevo Vs. Nk Brinje Grosuplje
1X2 • NK Brinje Grosuplje
Starts 12/05, 18:30
4.70
Jakobstads Bollklubb Vs. Narpes Kraft
1X2 • Narpes Kraft
Starts 12/05, 18:30
5.00
Telavi Vs. Fc Dila Gori
1X2 • FC Dila Gori
Starts 12/05, 19:00
1.64
Hapoel Petah Tikva Fc Vs. Hapoel Rishon Lezion Fc
1X2 • Hapoel Rishon Lezion FC
Starts 12/05, 19:00
6.20
==============================
The account balance is ksh 2.25
]]></system-out>
  </testcase>
  <testcase name="placeTableTennisMatches" classname="com.commontests.TableTennisTest" time="0">
    <skipped message="no such element: Unable to locate element: {&quot;method&quot;:&quot;xpath&quot;,&quot;selector&quot;:&quot;//span[normalize-space()=&apos;Table Tennis&apos;]&quot;}&#10;  (Session info: chrome=136.0.7103.93)&#10;For documentation on this error, please visit: https://www.selenium.dev/documentation/webdriver/troubleshooting/errors#no-such-element-exception&#10;Build info: version: &apos;4.20.0&apos;, revision: &apos;866c76ca80&apos;&#10;System info: os.name: &apos;Windows 10&apos;, os.arch: &apos;amd64&apos;, os.version: &apos;10.0&apos;, java.version: &apos;17&apos;&#10;Driver info: org.openqa.selenium.chrome.ChromeDriver&#10;Command: [8271d196edd83d00d48b22db2aa3a597, findElement {value=//span[normalize-space()=&apos;Table Tennis&apos;], using=xpath}]&#10;Capabilities {acceptInsecureCerts: false, browserName: chrome, browserVersion: 136.0.7103.93, chrome: {chromedriverVersion: 136.0.7103.92 (cb81a4cc5087..., userDataDir: C:\Users\User\AppData\Local...}, fedcm:accounts: true, goog:chromeOptions: {debuggerAddress: localhost:53315}, networkConnectionEnabled: false, pageLoadStrategy: normal, platformName: windows, proxy: Proxy(), se:cdp: ws://localhost:53315/devtoo..., se:cdpVersion: 136.0.7103.93, setWindowRect: true, strictFileInteractability: false, timeouts: {implicit: 0, pageLoad: 300000, script: 30000}, unhandledPromptBehavior: dismiss and notify, webauthn:extension:credBlob: true, webauthn:extension:largeBlob: true, webauthn:extension:minPinLength: true, webauthn:extension:prf: true, webauthn:virtualAuthenticators: true}&#10;Session ID: 8271d196edd83d00d48b22db2aa3a597"/>
  </testcase>
  <testcase name="placeTableTennisMatches" classname="com.commontests.TableTennisTest" time="0">
    <skipped message="no such element: Unable to locate element: {&quot;method&quot;:&quot;xpath&quot;,&quot;selector&quot;:&quot;//span[normalize-space()=&apos;Table Tennis&apos;]&quot;}&#10;  (Session info: chrome=136.0.7103.93)&#10;For documentation on this error, please visit: https://www.selenium.dev/documentation/webdriver/troubleshooting/errors#no-such-element-exception&#10;Build info: version: &apos;4.20.0&apos;, revision: &apos;866c76ca80&apos;&#10;System info: os.name: &apos;Windows 10&apos;, os.arch: &apos;amd64&apos;, os.version: &apos;10.0&apos;, java.version: &apos;17&apos;&#10;Driver info: org.openqa.selenium.chrome.ChromeDriver&#10;Command: [8271d196edd83d00d48b22db2aa3a597, findElement {value=//span[normalize-space()=&apos;Table Tennis&apos;], using=xpath}]&#10;Capabilities {acceptInsecureCerts: false, browserName: chrome, browserVersion: 136.0.7103.93, chrome: {chromedriverVersion: 136.0.7103.92 (cb81a4cc5087..., userDataDir: C:\Users\User\AppData\Local...}, fedcm:accounts: true, goog:chromeOptions: {debuggerAddress: localhost:53315}, networkConnectionEnabled: false, pageLoadStrategy: normal, platformName: windows, proxy: Proxy(), se:cdp: ws://localhost:53315/devtoo..., se:cdpVersion: 136.0.7103.93, setWindowRect: true, strictFileInteractability: false, timeouts: {implicit: 0, pageLoad: 300000, script: 30000}, unhandledPromptBehavior: dismiss and notify, webauthn:extension:credBlob: true, webauthn:extension:largeBlob: true, webauthn:extension:minPinLength: true, webauthn:extension:prf: true, webauthn:virtualAuthenticators: true}&#10;Session ID: 8271d196edd83d00d48b22db2aa3a597"/>
  </testcase>
  <testcase name="placeTableTennisMatches" classname="com.commontests.TableTennisTest" time="0">
    <skipped message="no such element: Unable to locate element: {&quot;method&quot;:&quot;xpath&quot;,&quot;selector&quot;:&quot;//span[normalize-space()=&apos;Table Tennis&apos;]&quot;}&#10;  (Session info: chrome=136.0.7103.93)&#10;For documentation on this error, please visit: https://www.selenium.dev/documentation/webdriver/troubleshooting/errors#no-such-element-exception&#10;Build info: version: &apos;4.20.0&apos;, revision: &apos;866c76ca80&apos;&#10;System info: os.name: &apos;Windows 10&apos;, os.arch: &apos;amd64&apos;, os.version: &apos;10.0&apos;, java.version: &apos;17&apos;&#10;Driver info: org.openqa.selenium.chrome.ChromeDriver&#10;Command: [8271d196edd83d00d48b22db2aa3a597, findElement {value=//span[normalize-space()=&apos;Table Tennis&apos;], using=xpath}]&#10;Capabilities {acceptInsecureCerts: false, browserName: chrome, browserVersion: 136.0.7103.93, chrome: {chromedriverVersion: 136.0.7103.92 (cb81a4cc5087..., userDataDir: C:\Users\User\AppData\Local...}, fedcm:accounts: true, goog:chromeOptions: {debuggerAddress: localhost:53315}, networkConnectionEnabled: false, pageLoadStrategy: normal, platformName: windows, proxy: Proxy(), se:cdp: ws://localhost:53315/devtoo..., se:cdpVersion: 136.0.7103.93, setWindowRect: true, strictFileInteractability: false, timeouts: {implicit: 0, pageLoad: 300000, script: 30000}, unhandledPromptBehavior: dismiss and notify, webauthn:extension:credBlob: true, webauthn:extension:largeBlob: true, webauthn:extension:minPinLength: true, webauthn:extension:prf: true, webauthn:virtualAuthenticators: true}&#10;Session ID: 8271d196edd83d00d48b22db2aa3a597"/>
  </testcase>
  <testcase name="placeTableTennisMatches" classname="com.commontests.TableTennisTest" time="0">
    <skipped message="no such element: Unable to locate element: {&quot;method&quot;:&quot;xpath&quot;,&quot;selector&quot;:&quot;//span[normalize-space()=&apos;Table Tennis&apos;]&quot;}&#10;  (Session info: chrome=136.0.7103.93)&#10;For documentation on this error, please visit: https://www.selenium.dev/documentation/webdriver/troubleshooting/errors#no-such-element-exception&#10;Build info: version: &apos;4.20.0&apos;, revision: &apos;866c76ca80&apos;&#10;System info: os.name: &apos;Windows 10&apos;, os.arch: &apos;amd64&apos;, os.version: &apos;10.0&apos;, java.version: &apos;17&apos;&#10;Driver info: org.openqa.selenium.chrome.ChromeDriver&#10;Command: [8271d196edd83d00d48b22db2aa3a597, findElement {value=//span[normalize-space()=&apos;Table Tennis&apos;], using=xpath}]&#10;Capabilities {acceptInsecureCerts: false, browserName: chrome, browserVersion: 136.0.7103.93, chrome: {chromedriverVersion: 136.0.7103.92 (cb81a4cc5087..., userDataDir: C:\Users\User\AppData\Local...}, fedcm:accounts: true, goog:chromeOptions: {debuggerAddress: localhost:53315}, networkConnectionEnabled: false, pageLoadStrategy: normal, platformName: windows, proxy: Proxy(), se:cdp: ws://localhost:53315/devtoo..., se:cdpVersion: 136.0.7103.93, setWindowRect: true, strictFileInteractability: false, timeouts: {implicit: 0, pageLoad: 300000, script: 30000}, unhandledPromptBehavior: dismiss and notify, webauthn:extension:credBlob: true, webauthn:extension:largeBlob: true, webauthn:extension:minPinLength: true, webauthn:extension:prf: true, webauthn:virtualAuthenticators: true}&#10;Session ID: 8271d196edd83d00d48b22db2aa3a597"/>
  </testcase>
  <testcase name="placeTableTennisMatches" classname="com.commontests.TableTennisTest" time="9.903">
    <failure message="no such element: Unable to locate element: {&quot;method&quot;:&quot;xpath&quot;,&quot;selector&quot;:&quot;//span[normalize-space()=&apos;Table Tennis&apos;]&quot;}&#10;  (Session info: chrome=136.0.7103.93)&#10;For documentation on this error, please visit: https://www.selenium.dev/documentation/webdriver/troubleshooting/errors#no-such-element-exception&#10;Build info: version: &apos;4.20.0&apos;, revision: &apos;866c76ca80&apos;&#10;System info: os.name: &apos;Windows 10&apos;, os.arch: &apos;amd64&apos;, os.version: &apos;10.0&apos;, java.version: &apos;17&apos;&#10;Driver info: org.openqa.selenium.chrome.ChromeDriver&#10;Command: [8271d196edd83d00d48b22db2aa3a597, findElement {value=//span[normalize-space()=&apos;Table Tennis&apos;], using=xpath}]&#10;Capabilities {acceptInsecureCerts: false, browserName: chrome, browserVersion: 136.0.7103.93, chrome: {chromedriverVersion: 136.0.7103.92 (cb81a4cc5087..., userDataDir: C:\Users\User\AppData\Local...}, fedcm:accounts: true, goog:chromeOptions: {debuggerAddress: localhost:53315}, networkConnectionEnabled: false, pageLoadStrategy: normal, platformName: windows, proxy: Proxy(), se:cdp: ws://localhost:53315/devtoo..., se:cdpVersion: 136.0.7103.93, setWindowRect: true, strictFileInteractability: false, timeouts: {implicit: 0, pageLoad: 300000, script: 30000}, unhandledPromptBehavior: dismiss and notify, webauthn:extension:credBlob: true, webauthn:extension:largeBlob: true, webauthn:extension:minPinLength: true, webauthn:extension:prf: true, webauthn:virtualAuthenticators: true}&#10;Session ID: 8271d196edd83d00d48b22db2aa3a597" type="org.openqa.selenium.NoSuchElementException"><![CDATA[org.openqa.selenium.NoSuchElementException: 
no such element: Unable to locate element: {"method":"xpath","selector":"//span[normalize-space()='Table Tennis']"}
  (Session info: chrome=136.0.7103.93)
For documentation on this error, please visit: https://www.selenium.dev/documentation/webdriver/troubleshooting/errors#no-such-element-exception
Build info: version: '4.20.0', revision: '866c76ca80'
System info: os.name: 'Windows 10', os.arch: 'amd64', os.version: '10.0', java.version: '17'
Driver info: org.openqa.selenium.chrome.ChromeDriver
Command: [8271d196edd83d00d48b22db2aa3a597, findElement {value=//span[normalize-space()='Table Tennis'], using=xpath}]
Capabilities {acceptInsecureCerts: false, browserName: chrome, browserVersion: 136.0.7103.93, chrome: {chromedriverVersion: 136.0.7103.92 (cb81a4cc5087..., userDataDir: C:\Users\User\AppData\Local...}, fedcm:accounts: true, goog:chromeOptions: {debuggerAddress: localhost:53315}, networkConnectionEnabled: false, pageLoadStrategy: normal, platformName: windows, proxy: Proxy(), se:cdp: ws://localhost:53315/devtoo..., se:cdpVersion: 136.0.7103.93, setWindowRect: true, strictFileInteractability: false, timeouts: {implicit: 0, pageLoad: 300000, script: 30000}, unhandledPromptBehavior: dismiss and notify, webauthn:extension:credBlob: true, webauthn:extension:largeBlob: true, webauthn:extension:minPinLength: true, webauthn:extension:prf: true, webauthn:virtualAuthenticators: true}
Session ID: 8271d196edd83d00d48b22db2aa3a597
	at java.base/jdk.internal.reflect.NativeConstructorAccessorImpl.newInstance0(Native Method)
	at java.base/jdk.internal.reflect.NativeConstructorAccessorImpl.newInstance(NativeConstructorAccessorImpl.java:77)
	at java.base/jdk.internal.reflect.DelegatingConstructorAccessorImpl.newInstance(DelegatingConstructorAccessorImpl.java:45)
	at java.base/java.lang.reflect.Constructor.newInstanceWithCaller(Constructor.java:499)
	at java.base/java.lang.reflect.Constructor.newInstance(Constructor.java:480)
	at org.openqa.selenium.remote.ErrorCodec.decode(ErrorCodec.java:167)
	at org.openqa.selenium.remote.codec.w3c.W3CHttpResponseCodec.decode(W3CHttpResponseCodec.java:138)
	at org.openqa.selenium.remote.codec.w3c.W3CHttpResponseCodec.decode(W3CHttpResponseCodec.java:50)
	at org.openqa.selenium.remote.HttpCommandExecutor.execute(HttpCommandExecutor.java:190)
	at org.openqa.selenium.remote.service.DriverCommandExecutor.invokeExecute(DriverCommandExecutor.java:216)
	at org.openqa.selenium.remote.service.DriverCommandExecutor.execute(DriverCommandExecutor.java:174)
	at org.openqa.selenium.remote.RemoteWebDriver.execute(RemoteWebDriver.java:518)
	at org.openqa.selenium.remote.ElementLocation$ElementFinder$2.findElement(ElementLocation.java:165)
	at org.openqa.selenium.remote.ElementLocation.findElement(ElementLocation.java:59)
	at org.openqa.selenium.remote.RemoteWebDriver.findElement(RemoteWebDriver.java:355)
	at org.openqa.selenium.remote.RemoteWebDriver.findElement(RemoteWebDriver.java:349)
	at org.openqa.selenium.support.pagefactory.DefaultElementLocator.findElement(DefaultElementLocator.java:68)
	at org.openqa.selenium.support.pagefactory.internal.LocatingElementHandler.invoke(LocatingElementHandler.java:38)
	at jdk.proxy2/jdk.proxy2.$Proxy14.getWrappedElement(Unknown Source)
	at org.openqa.selenium.remote.WebElementToJsonConverter.apply(WebElementToJsonConverter.java:48)
	at java.base/java.util.stream.ReferencePipeline$3$1.accept(ReferencePipeline.java:197)
	at java.base/java.util.Spliterators$ArraySpliterator.forEachRemaining(Spliterators.java:992)
	at java.base/java.util.stream.AbstractPipeline.copyInto(AbstractPipeline.java:509)
	at java.base/java.util.stream.AbstractPipeline.wrapAndCopyInto(AbstractPipeline.java:499)
	at java.base/java.util.stream.ReduceOps$ReduceOp.evaluateSequential(ReduceOps.java:921)
	at java.base/java.util.stream.AbstractPipeline.evaluate(AbstractPipeline.java:234)
	at java.base/java.util.stream.ReferencePipeline.collect(ReferencePipeline.java:682)
	at org.openqa.selenium.remote.RemoteWebDriver.executeScript(RemoteWebDriver.java:461)
	at com.commontests.TableTennisTest.placeTableTennisMatches(TableTennisTest.java:91)
	at java.base/jdk.internal.reflect.NativeMethodAccessorImpl.invoke0(Native Method)
	at java.base/jdk.internal.reflect.NativeMethodAccessorImpl.invoke(NativeMethodAccessorImpl.java:77)
	at java.base/jdk.internal.reflect.DelegatingMethodAccessorImpl.invoke(DelegatingMethodAccessorImpl.java:43)
	at java.base/java.lang.reflect.Method.invoke(Method.java:568)
	at org.testng.internal.invokers.MethodInvocationHelper.invokeMethod(MethodInvocationHelper.java:139)
	at org.testng.internal.invokers.TestInvoker.invokeMethod(TestInvoker.java:677)
	at org.testng.internal.invokers.TestInvoker.retryFailed(TestInvoker.java:263)
	at org.testng.internal.invokers.MethodRunner.runInSequence(MethodRunner.java:62)
	at org.testng.internal.invokers.TestInvoker$MethodInvocationAgent.invoke(TestInvoker.java:962)
	at org.testng.internal.invokers.TestInvoker.invokeTestMethods(TestInvoker.java:194)
	at org.testng.internal.invokers.TestMethodWorker.invokeTestMethods(TestMethodWorker.java:148)
	at org.testng.internal.invokers.TestMethodWorker.run(TestMethodWorker.java:128)
	at java.base/java.util.ArrayList.forEach(ArrayList.java:1511)
	at org.testng.TestRunner.privateRun(TestRunner.java:806)
	at org.testng.TestRunner.run(TestRunner.java:601)
	at org.testng.SuiteRunner.runTest(SuiteRunner.java:433)
	at org.testng.SuiteRunner.runSequentially(SuiteRunner.java:427)
	at org.testng.SuiteRunner.privateRun(SuiteRunner.java:387)
	at org.testng.SuiteRunner.run(SuiteRunner.java:330)
	at org.testng.SuiteRunnerWorker.runSuite(SuiteRunnerWorker.java:52)
	at org.testng.SuiteRunnerWorker.run(SuiteRunnerWorker.java:95)
	at org.testng.TestNG.runSuitesSequentially(TestNG.java:1256)
	at org.testng.TestNG.runSuitesLocally(TestNG.java:1176)
	at org.testng.TestNG.runSuites(TestNG.java:1099)
	at org.testng.TestNG.run(TestNG.java:1067)
	at org.apache.maven.surefire.testng.TestNGExecutor.run(TestNGExecutor.java:324)
	at org.apache.maven.surefire.testng.TestNGXmlTestSuite.execute(TestNGXmlTestSuite.java:74)
	at org.apache.maven.surefire.testng.TestNGProvider.invoke(TestNGProvider.java:123)
	at org.apache.maven.surefire.booter.ForkedBooter.runSuitesInProcess(ForkedBooter.java:456)
	at org.apache.maven.surefire.booter.ForkedBooter.execute(ForkedBooter.java:169)
	at org.apache.maven.surefire.booter.ForkedBooter.run(ForkedBooter.java:595)
	at org.apache.maven.surefire.booter.ForkedBooter.main(ForkedBooter.java:581)
]]></failure>
  </testcase>
  <testcase name="placeBoxingMatches" classname="com.commontests.BoxingMatchesTest" time="4.435">
    <system-out><![CDATA[Screenshot saved: C:\Users\User\eclipse-workspace\BetikaTestApplication\screenshots\placeTableTennisMatches
Bet placed on odd index: 0 for team index: 2
Bet placed on odd index: 1 for team index: 3
Bet placed on odd index: 1 for team index: 9
Bet placed on odd index: 1 for team index: 7
Bet placed on odd index: 1 for team index: 8
Bet placed on odd index: 0 for team index: 5
The betslip Adams, Tyrell Vs. Gavera, Roy
WINNER • Adams, Tyrell
Starts 14/05, 16:00
1.03
Kazzi, Charlie Habib Vs. Vella, Patrick
WINNER • Vella, Patrick
Starts 14/05, 18:00
4.33
Fisher, Johnny Vs. Allen, David
WINNER • Allen, David
Starts 18/05, 00:00
3.05
Fathi, Mounir Vs. Ryan, Wade
WINNER • Ryan, Wade
Starts 14/05, 21:00
1.88
Garside, Harrison Vs. Bell, Charlie
WINNER • Bell, Charlie
Starts 14/05, 23:00
11.00
Fawcett, Jason Vs. Mathiang Lual, Acher Angelo
WINNER • Fawcett, Jason
Starts 14/05, 18:00
2.30
The total odds 1.03
The account balance 2.25
Amount is less in the account to place a bet
]]></system-out>
  </testcase>
  <testcase name="casinoTest" classname="com.commontests.CasinoGamesTest" time="8.55">
    <system-out><![CDATA[============================================
Extra Juicy
Aztec Gems
Sun of Egypt 3 - Three oaks
Wild Spells
Chilli Heat
3 Coin Volcanoеs
Burning Classics
3 African Drums
Fortune House
Sun of Egypt 2 - Three oaks
3 Pots of Egypt
5 Lions Megaways
Gates of Olympus Super Scatter
Triple Pot Gold
Wild Wild Riches
Hit the Gold Hold and Win - Three oaks
Sun of Egypt - Three Oaks
Aztec Gems Deluxe
3 Hot Teapots
Diamond Blitz
]]></system-out>
  </testcase>
  <testcase name="selectSingleHandballRandomBet" classname="com.commontests.HandballGamesTest" time="0">
    <skipped message="Element &lt;a class=&quot;prebet-match__markets&quot;&gt; could not be scrolled into view&#10;Build info: version: &apos;4.20.0&apos;, revision: &apos;866c76ca80&apos;&#10;System info: os.name: &apos;Windows 10&apos;, os.arch: &apos;amd64&apos;, os.version: &apos;10.0&apos;, java.version: &apos;17&apos;&#10;Driver info: org.openqa.selenium.firefox.FirefoxDriver&#10;Command: [9e3335e0-68e3-4acd-a6f0-1f1534244189, clickElement {id=aada47e6-7a6a-4eda-856f-66f648778144}]&#10;Capabilities {acceptInsecureCerts: true, browserName: firefox, browserVersion: 127.0, moz:accessibilityChecks: false, moz:buildID: 20240606181944, moz:debuggerAddress: 127.0.0.1:20047, moz:geckodriverVersion: 0.35.0, moz:headless: false, moz:platformVersion: 10.0, moz:processID: 16260, moz:profile: C:\Users\User\AppData\Local..., moz:shutdownTimeout: 60000, moz:webdriverClick: true, moz:windowless: false, pageLoadStrategy: normal, platformName: windows, proxy: Proxy(), se:cdp: ws://127.0.0.1:20047/devtoo..., se:cdpVersion: 85.0, setWindowRect: true, strictFileInteractability: false, timeouts: {implicit: 0, pageLoad: 300000, script: 30000}, unhandledPromptBehavior: dismiss and notify, userAgent: Mozilla/5.0 (Windows NT 10....}&#10;Element: [[FirefoxDriver: firefox on windows (9e3335e0-68e3-4acd-a6f0-1f1534244189)] -&gt; xpath: //a[@class=&apos;prebet-match__markets&apos;][1]]&#10;Session ID: 9e3335e0-68e3-4acd-a6f0-1f1534244189"/>
  </testcase>
  <testcase name="selectSingleHandballRandomBet" classname="com.commontests.HandballGamesTest" time="0">
    <skipped message="Element &lt;a class=&quot;prebet-match__markets&quot;&gt; could not be scrolled into view&#10;Build info: version: &apos;4.20.0&apos;, revision: &apos;866c76ca80&apos;&#10;System info: os.name: &apos;Windows 10&apos;, os.arch: &apos;amd64&apos;, os.version: &apos;10.0&apos;, java.version: &apos;17&apos;&#10;Driver info: org.openqa.selenium.firefox.FirefoxDriver&#10;Command: [9e3335e0-68e3-4acd-a6f0-1f1534244189, clickElement {id=aada47e6-7a6a-4eda-856f-66f648778144}]&#10;Capabilities {acceptInsecureCerts: true, browserName: firefox, browserVersion: 127.0, moz:accessibilityChecks: false, moz:buildID: 20240606181944, moz:debuggerAddress: 127.0.0.1:20047, moz:geckodriverVersion: 0.35.0, moz:headless: false, moz:platformVersion: 10.0, moz:processID: 16260, moz:profile: C:\Users\User\AppData\Local..., moz:shutdownTimeout: 60000, moz:webdriverClick: true, moz:windowless: false, pageLoadStrategy: normal, platformName: windows, proxy: Proxy(), se:cdp: ws://127.0.0.1:20047/devtoo..., se:cdpVersion: 85.0, setWindowRect: true, strictFileInteractability: false, timeouts: {implicit: 0, pageLoad: 300000, script: 30000}, unhandledPromptBehavior: dismiss and notify, userAgent: Mozilla/5.0 (Windows NT 10....}&#10;Element: [[FirefoxDriver: firefox on windows (9e3335e0-68e3-4acd-a6f0-1f1534244189)] -&gt; xpath: //a[@class=&apos;prebet-match__markets&apos;][1]]&#10;Session ID: 9e3335e0-68e3-4acd-a6f0-1f1534244189"/>
    <system-out><![CDATA[Upcoming matches button not found, proceeding with available matches.
]]></system-out>
  </testcase>
  <testcase name="selectSingleHandballRandomBet" classname="com.commontests.HandballGamesTest" time="12.709">
    <system-out><![CDATA[Upcoming matches button not found, proceeding with available matches.
Rostov-don Vs Astrakhan
1X2 • Astrakhan
Starts 12/05, 19:00
]]></system-out>
  </testcase>
  <testcase name="selectMultipleCricketGames" classname="com.commontests.CricketGamesTest" time="12.889">
    <system-out><![CDATA[[INFO] Clicked on Cricket section.
[INFO] Selected odd at index: 1
[INFO] Selected odd at index: 0
[INFO] Selected odd at index: 0
[INFO] Selected odd at index: 0
[INFO] Selected odd at index: 0
[INFO] Selected odd at index: 0
[INFO] Selected odd at index: 0
[INFO] Selected odd at index: 1
[INFO] Selected odd at index: 1
[INFO] Selected odd at index: 0
[INFO] Total matches selected: 15
[INFO] Entered bet amount: 99
[INFO] Betslip Details: Seaside Cc Vs. Ariana Cricket Club
WINNER (INCL. SUPER OVER) • Ariana Cricket Club
Starts 12/05, 16:15
1.12
Antigua And Barbuda Falcons Srl Vs. St Lucia Kings Srl
WINNER (INCL. SUPER OVER) • Antigua And Barbuda Falcons Srl
Starts 12/05, 17:00
2.15
Paarl Royals Srl Vs. Joburg Super Kings Srl
WINNER (INCL. SUPER OVER) • Paarl Royals Srl
Starts 12/05, 19:00
1.75
Ginger Generals Vs. Cinnamon Pacers
WINNER (INCL. SUPER OVER) • Ginger Generals
Starts 12/05, 19:00
1.70
Melbourne Renegades Srl Vs. Melbourne Stars Srl
WINNER (INCL. SUPER OVER) • Melbourne Renegades Srl
Starts 12/05, 21:00
1.95
Saffron Strikers Vs. Clove Challengers
WINNER (INCL. SUPER OVER) • Saffron Strikers
Starts 12/05, 21:30
2.20
New Zealand Srl Vs. Bangladesh Srl
WINNER (INCL. SUPER OVER) • New Zealand SRL
Starts 12/05, 23:00
1.45
St Kitts And Nevis Patriots Srl Vs. Guyana Amazon Warriors Srl
WINNER (INCL. SUPER OVER) • Guyana Amazon Warriors Srl
Starts 13/05, 01:00
1.65
City Blasters Vs. South Castries Lions
WINNER (INCL. SUPER OVER) • South Castries Lions
Starts 13/05, 02:30
2.25
Australia Srl Vs. South Africa Srl
WINNER (INCL. SUPER OVER) • Australia SRL
Starts 13/05, 03:00
1.80
[INFO] Account Balance: 2.25
[WARN] Insufficient balance to place bet.
]]></system-out>
  </testcase>
  <testcase name="printTeamsAndMarketOdds" classname="com.commontests.CricketGamesTest" time="3.845">
    <system-out><![CDATA[============================================
Seaside Cc
Ariana Cricket Cl...
4.95
1.12
============================================
Antigua And Barbu...
St Lucia Kings Sr...
2.15
1.65
============================================
Paarl Royals Srl
Joburg Super King...
1.75
2.05
============================================
Ginger Generals
Cinnamon Pacers
1.70
1.95
============================================
Melbourne Renegad...
Melbourne Stars S...
1.95
1.80
============================================
Saffron Strikers
Clove Challengers...
2.20
1.57
============================================
New Zealand Srl
Bangladesh Srl
1.45
2.65
============================================
St Kitts And Nevi...
Guyana Amazon War...
2.20
1.65
============================================
City Blasters
South Castries Li...
1.55
2.25
============================================
Australia Srl
South Africa Srl
1.80
1.95
]]></system-out>
  </testcase>
</testsuite>